['heart']
It is none
None
Starting meta-learning
Using dice
OUTER EPOCH 0
Dataset 11, hippocampus_anterior
Inner Epoch 0
Learning rate 0.010000
/home1/mganesh/miniconda3/envs/medseg/lib/python3.7/site-packages/torch/nn/functional.py:1967: UserWarning: nn.functional.sigmoid is deprecated. Use torch.sigmoid instead.
  warnings.warn("nn.functional.sigmoid is deprecated. Use torch.sigmoid instead.")
Mean train dice loss for epoch 0: 0.7690
Mean train IoU for epoch 0: 0.1390
Inner Epoch 1
Learning rate 0.008000
Mean train dice loss for epoch 1: 0.6766
Mean train IoU for epoch 1: 0.2111
Inner Epoch 2
Learning rate 0.006400
Mean train dice loss for epoch 2: 0.6028
Mean train IoU for epoch 2: 0.2766
Inner Epoch 3
Learning rate 0.005120
Mean train dice loss for epoch 3: 0.5557
Mean train IoU for epoch 3: 0.3159
Inner Epoch 4
Learning rate 0.004096
Mean train dice loss for epoch 4: 0.5298
Mean train IoU for epoch 4: 0.3335
Inner Epoch 5
Learning rate 0.003277
Mean train dice loss for epoch 5: 0.4941
Mean train IoU for epoch 5: 0.3701
Inner Epoch 6
Learning rate 0.002621
Mean train dice loss for epoch 6: 0.4742
Mean train IoU for epoch 6: 0.3896
Inner Epoch 7
Learning rate 0.002097
Mean train dice loss for epoch 7: 0.4603
Mean train IoU for epoch 7: 0.3999
Inner Epoch 8
Learning rate 0.001678
Mean train dice loss for epoch 8: 0.4417
Mean train IoU for epoch 8: 0.4206
Inner Epoch 9
Learning rate 0.001342
Mean train dice loss for epoch 9: 0.4397
Mean train IoU for epoch 9: 0.4232
Inner Epoch 10
Learning rate 0.001074
Mean train dice loss for epoch 10: 0.4154
Mean train IoU for epoch 10: 0.4517
Inner Epoch 11
Learning rate 0.000859
Mean train dice loss for epoch 11: 0.4102
Mean train IoU for epoch 11: 0.4536
Inner Epoch 12
Learning rate 0.000687
Mean train dice loss for epoch 12: 0.3938
Mean train IoU for epoch 12: 0.4751
Inner Epoch 13
Learning rate 0.000550
Mean train dice loss for epoch 13: 0.3807
Mean train IoU for epoch 13: 0.4930
Inner Epoch 14
Learning rate 0.000440
Mean train dice loss for epoch 14: 0.3678
Mean train IoU for epoch 14: 0.5042
Inner Epoch 15
Learning rate 0.000352
Mean train dice loss for epoch 15: 0.3682
Mean train IoU for epoch 15: 0.5039
Inner Epoch 16
Learning rate 0.000281
Mean train dice loss for epoch 16: 0.3575
Mean train IoU for epoch 16: 0.5210
Inner Epoch 17
Learning rate 0.000225
Mean train dice loss for epoch 17: 0.3494
Mean train IoU for epoch 17: 0.5271
Inner Epoch 18
Learning rate 0.000180
Mean train dice loss for epoch 18: 0.3511
Mean train IoU for epoch 18: 0.5287
Inner Epoch 19
Learning rate 0.000144
Mean train dice loss for epoch 19: 0.3432
Mean train IoU for epoch 19: 0.5342
Validating... on val dataset: 5 shots
Val loss: 0.5508, val IoU: 0.3121
Dataset 0, pancreas_cancer
Inner Epoch 0
Learning rate 0.010000
Traceback (most recent call last):
  File "/home1/mganesh/miniconda3/envs/medseg/lib/python3.7/pathlib.py", line 345, in _resolve
    target = accessor.readlink(newpath)
  File "/home1/mganesh/miniconda3/envs/medseg/lib/python3.7/pathlib.py", line 443, in readlink
    return os.readlink(path)
OSError: [Errno 22] Invalid argument: '/project/ajiteshs_1061/project7'
During handling of the above exception, another exception occurred:
Traceback (most recent call last):
  File "experiment_runner.py", line 239, in <module>
    target_name=data.get("weights_name"))
  File "experiment_runner.py", line 51, in meta_train
    reptile.outer_loop(evaluate_every=4, path_to_save=save_path)
  File "/scratch2/mganesh/MetaMedSeg/MetaMedSeg/meta_learning/reptile.py", line 286, in outer_loop
    task_weights, loss_history, iou_history, task_val_loss, task_val_iou = self.inner_loop(dataset_id)
  File "/scratch2/mganesh/MetaMedSeg/MetaMedSeg/meta_learning/reptile.py", line 422, in inner_loop
    for image, mask in train_loader:
  File "/home1/mganesh/miniconda3/envs/medseg/lib/python3.7/site-packages/torch/utils/data/dataloader.py", line 628, in __next__
    data = self._next_data()
  File "/home1/mganesh/miniconda3/envs/medseg/lib/python3.7/site-packages/torch/utils/data/dataloader.py", line 671, in _next_data
    data = self._dataset_fetcher.fetch(index)  # may raise StopIteration
  File "/home1/mganesh/miniconda3/envs/medseg/lib/python3.7/site-packages/torch/utils/data/_utils/fetch.py", line 58, in fetch
    data = [self.dataset[idx] for idx in possibly_batched_index]
  File "/home1/mganesh/miniconda3/envs/medseg/lib/python3.7/site-packages/torch/utils/data/_utils/fetch.py", line 58, in <listcomp>
    data = [self.dataset[idx] for idx in possibly_batched_index]
  File "/scratch2/mganesh/MetaMedSeg/MetaMedSeg/datasets/meta_dataset.py", line 181, in __getitem__
    mask = Image.open(path_to_mask).convert("L")
  File "/home1/mganesh/miniconda3/envs/medseg/lib/python3.7/site-packages/PIL/Image.py", line 3231, in open
    filename = str(fp.resolve())
  File "/home1/mganesh/miniconda3/envs/medseg/lib/python3.7/pathlib.py", line 1166, in resolve
    s = self._flavour.resolve(self, strict=strict)
  File "/home1/mganesh/miniconda3/envs/medseg/lib/python3.7/pathlib.py", line 361, in resolve
    return _resolve(base, str(path)) or sep
  File "/home1/mganesh/miniconda3/envs/medseg/lib/python3.7/pathlib.py", line 345, in _resolve
    target = accessor.readlink(newpath)
KeyboardInterrupt